<?xml version="1.0" encoding="UTF-8"?>
<testng-results ignored="0" total="1" passed="1" failed="0" skipped="0">
  <reporter-output>
  </reporter-output>
  <suite started-at="2025-10-19T13:07:12 EET" name="Default suite" finished-at="2025-10-19T13:07:22 EET" duration-ms="10310">
    <groups>
    </groups>
    <test started-at="2025-10-19T13:07:12 EET" name="Default test" finished-at="2025-10-19T13:07:22 EET" duration-ms="10310">
      <class name="Login.TestCase">
        <test-method is-config="true" signature="beforeTest()[pri:0, instance:Login.TestCase@65fe9e33]" started-at="2025-10-19T13:07:12 EET" name="beforeTest" finished-at="2025-10-19T13:07:14 EET" duration-ms="2238" status="PASS">
          <reporter-output>
          </reporter-output>
        </test-method> <!-- beforeTest -->
        <test-method signature="signUp()[pri:1, instance:Login.TestCase@65fe9e33]" started-at="2025-10-19T13:07:14 EET" name="signUp" finished-at="2025-10-19T13:07:22 EET" duration-ms="7968" status="PASS">
          <reporter-output>
          </reporter-output>
        </test-method> <!-- signUp -->
      </class> <!-- Login.TestCase -->
    </test> <!-- Default test -->
  </suite> <!-- Default suite -->
</testng-results>
