<?xml version="1.0" encoding="UTF-8"?>
<testng-results ignored="0" total="15" passed="15" failed="0" skipped="0">
  <reporter-output>
  </reporter-output>
  <suite started-at="2025-10-20T11:49:29 EET" name="Default suite" finished-at="2025-10-20T11:50:25 EET" duration-ms="55851">
    <groups>
    </groups>
    <test started-at="2025-10-20T11:49:29 EET" name="Default test" finished-at="2025-10-20T11:50:25 EET" duration-ms="55851">
      <class name="Login.TestCase">
        <test-method is-config="true" signature="beforeTest()[pri:0, instance:Login.TestCase@3724af13]" started-at="2025-10-20T11:49:29 EET" name="beforeTest" finished-at="2025-10-20T11:49:31 EET" duration-ms="2024" status="PASS">
          <reporter-output>
          </reporter-output>
        </test-method> <!-- beforeTest -->
        <test-method signature="signUp()[pri:1, instance:Login.TestCase@3724af13]" started-at="2025-10-20T11:49:32 EET" name="signUp" finished-at="2025-10-20T11:49:39 EET" duration-ms="7620" status="PASS">
          <reporter-output>
          </reporter-output>
        </test-method> <!-- signUp -->
        <test-method signature="Logout()[pri:2, instance:Login.TestCase@3724af13]" started-at="2025-10-20T11:49:39 EET" name="Logout" finished-at="2025-10-20T11:49:42 EET" duration-ms="2721" status="PASS">
          <reporter-output>
          </reporter-output>
        </test-method> <!-- Logout -->
        <test-method signature="login()[pri:3, instance:Login.TestCase@3724af13]" started-at="2025-10-20T11:49:42 EET" name="login" finished-at="2025-10-20T11:49:44 EET" duration-ms="1667" status="PASS">
          <reporter-output>
          </reporter-output>
        </test-method> <!-- login -->
        <test-method signature="addToCart()[pri:4, instance:Login.TestCase@3724af13]" started-at="2025-10-20T11:49:44 EET" name="addToCart" finished-at="2025-10-20T11:49:48 EET" duration-ms="4376" status="PASS">
          <reporter-output>
          </reporter-output>
        </test-method> <!-- addToCart -->
        <test-method signature="addToCart()[pri:4, instance:Login.TestCase@3724af13]" started-at="2025-10-20T11:49:48 EET" name="addToCart" finished-at="2025-10-20T11:49:51 EET" duration-ms="3473" status="PASS">
          <reporter-output>
          </reporter-output>
        </test-method> <!-- addToCart -->
        <test-method signature="addToCart()[pri:4, instance:Login.TestCase@3724af13]" started-at="2025-10-20T11:49:51 EET" name="addToCart" finished-at="2025-10-20T11:49:54 EET" duration-ms="2620" status="PASS">
          <reporter-output>
          </reporter-output>
        </test-method> <!-- addToCart -->
        <test-method signature="addToCart()[pri:4, instance:Login.TestCase@3724af13]" started-at="2025-10-20T11:49:54 EET" name="addToCart" finished-at="2025-10-20T11:49:58 EET" duration-ms="3724" status="PASS">
          <reporter-output>
          </reporter-output>
        </test-method> <!-- addToCart -->
        <test-method signature="addToCart()[pri:4, instance:Login.TestCase@3724af13]" started-at="2025-10-20T11:49:58 EET" name="addToCart" finished-at="2025-10-20T11:50:01 EET" duration-ms="3641" status="PASS">
          <reporter-output>
          </reporter-output>
        </test-method> <!-- addToCart -->
        <test-method signature="addToCart()[pri:4, instance:Login.TestCase@3724af13]" started-at="2025-10-20T11:50:01 EET" name="addToCart" finished-at="2025-10-20T11:50:04 EET" duration-ms="2365" status="PASS">
          <reporter-output>
          </reporter-output>
        </test-method> <!-- addToCart -->
        <test-method signature="addToCart()[pri:4, instance:Login.TestCase@3724af13]" started-at="2025-10-20T11:50:04 EET" name="addToCart" finished-at="2025-10-20T11:50:08 EET" duration-ms="4301" status="PASS">
          <reporter-output>
          </reporter-output>
        </test-method> <!-- addToCart -->
        <test-method signature="addToCart()[pri:4, instance:Login.TestCase@3724af13]" started-at="2025-10-20T11:50:08 EET" name="addToCart" finished-at="2025-10-20T11:50:11 EET" duration-ms="2676" status="PASS">
          <reporter-output>
          </reporter-output>
        </test-method> <!-- addToCart -->
        <test-method signature="addToCart()[pri:4, instance:Login.TestCase@3724af13]" started-at="2025-10-20T11:50:11 EET" name="addToCart" finished-at="2025-10-20T11:50:14 EET" duration-ms="2749" status="PASS">
          <reporter-output>
          </reporter-output>
        </test-method> <!-- addToCart -->
        <test-method signature="addToCart()[pri:4, instance:Login.TestCase@3724af13]" started-at="2025-10-20T11:50:14 EET" name="addToCart" finished-at="2025-10-20T11:50:17 EET" duration-ms="3740" status="PASS">
          <reporter-output>
          </reporter-output>
        </test-method> <!-- addToCart -->
        <test-method signature="addToCart()[pri:4, instance:Login.TestCase@3724af13]" started-at="2025-10-20T11:50:17 EET" name="addToCart" finished-at="2025-10-20T11:50:20 EET" duration-ms="2729" status="PASS">
          <reporter-output>
          </reporter-output>
        </test-method> <!-- addToCart -->
        <test-method signature="Checkout()[pri:5, instance:Login.TestCase@3724af13]" started-at="2025-10-20T11:50:20 EET" name="Checkout" finished-at="2025-10-20T11:50:25 EET" duration-ms="5233" status="PASS">
          <reporter-output>
          </reporter-output>
        </test-method> <!-- Checkout -->
      </class> <!-- Login.TestCase -->
    </test> <!-- Default test -->
  </suite> <!-- Default suite -->
</testng-results>
